12:48:51:799 [main] INFO  testCases.TC001_VerifyAccountRegistrationPage - *** Providing Customer details***
12:48:54:510 [main] INFO  testCases.TC001_VerifyAccountRegistrationPage - *** Validating expected message***
12:48:54:600 [main] INFO  testCases.TC001_VerifyAccountRegistrationPage - ****Finished the TC001_VerifyAccountRegistrationPage..****
12:48:58:346 [main] INFO  testCases.TC002_LoginTest - ***TC002_LoginTest Started***
13:17:26:120 [main] INFO  testCases.TC001_VerifyAccountRegistrationPage - *** Starting TC001_VerifyAccountRegistrationPage Test***
13:17:26:508 [main] INFO  testCases.TC001_VerifyAccountRegistrationPage - *** Clicked on MyAccount Link***
13:17:26:975 [main] INFO  testCases.TC001_VerifyAccountRegistrationPage - *** Clicked on Register Link***
13:17:26:980 [main] INFO  testCases.TC001_VerifyAccountRegistrationPage - *** Providing Customer details***
13:17:30:508 [main] INFO  testCases.TC001_VerifyAccountRegistrationPage - *** Validating expected message***
13:17:30:606 [main] INFO  testCases.TC001_VerifyAccountRegistrationPage - ****Finished the TC001_VerifyAccountRegistrationPage..****
13:17:34:837 [main] INFO  testCases.TC002_LoginTest - ***TC002_LoginTest Started***
13:19:31:056 [main] INFO  testCases.TC001_VerifyAccountRegistrationPage - *** Starting TC001_VerifyAccountRegistrationPage Test***
13:19:31:394 [main] INFO  testCases.TC001_VerifyAccountRegistrationPage - *** Clicked on MyAccount Link***
13:19:31:851 [main] INFO  testCases.TC001_VerifyAccountRegistrationPage - *** Clicked on Register Link***
13:19:31:854 [main] INFO  testCases.TC001_VerifyAccountRegistrationPage - *** Providing Customer details***
13:19:34:275 [main] INFO  testCases.TC001_VerifyAccountRegistrationPage - *** Validating expected message***
13:19:34:367 [main] INFO  testCases.TC001_VerifyAccountRegistrationPage - ****Finished the TC001_VerifyAccountRegistrationPage..****
13:19:38:539 [main] INFO  testCases.TC002_LoginTest - ***TC002_LoginTest Started***
13:36:17:426 [main] INFO  testCases.TC001_VerifyAccountRegistrationPage - *** Starting TC001_VerifyAccountRegistrationPage Test***
13:36:17:527 [main] INFO  testCases.TC001_VerifyAccountRegistrationPage - *** Clicked on MyAccount Link***
13:36:17:925 [main] INFO  testCases.TC001_VerifyAccountRegistrationPage - *** Clicked on Register Link***
13:36:17:930 [main] INFO  testCases.TC001_VerifyAccountRegistrationPage - *** Providing Customer details***
13:36:20:257 [main] INFO  testCases.TC001_VerifyAccountRegistrationPage - *** Validating expected message***
13:36:20:317 [main] INFO  testCases.TC001_VerifyAccountRegistrationPage - ****Finished the TC001_VerifyAccountRegistrationPage..****
13:36:24:191 [main] INFO  testCases.TC002_LoginTest - ***TC002_LoginTest Started***
13:40:38:208 [main] INFO  testCases.TC001_VerifyAccountRegistrationPage - *** Starting TC001_VerifyAccountRegistrationPage Test***
13:40:38:617 [main] INFO  testCases.TC001_VerifyAccountRegistrationPage - *** Clicked on MyAccount Link***
13:40:39:316 [main] INFO  testCases.TC001_VerifyAccountRegistrationPage - *** Clicked on Register Link***
13:40:39:319 [main] INFO  testCases.TC001_VerifyAccountRegistrationPage - *** Providing Customer details***
13:40:42:791 [main] INFO  testCases.TC001_VerifyAccountRegistrationPage - *** Validating expected message***
13:40:42:850 [main] ERROR testCases.TC001_VerifyAccountRegistrationPage - Test Failed
13:40:42:851 [main] DEBUG testCases.TC001_VerifyAccountRegistrationPage - Debug Logs..
13:40:47:187 [main] INFO  testCases.TC002_LoginTest - ***TC002_LoginTest Started***
13:09:48:849 [main] INFO  testCases.TC001_VerifyAccountRegistrationPage - *** Starting TC001_VerifyAccountRegistrationPage Test***
13:09:49:398 [main] INFO  testCases.TC001_VerifyAccountRegistrationPage - *** Clicked on MyAccount Link***
13:09:49:853 [main] INFO  testCases.TC001_VerifyAccountRegistrationPage - *** Clicked on Register Link***
13:09:49:857 [main] INFO  testCases.TC001_VerifyAccountRegistrationPage - *** Providing Customer details***
13:09:52:635 [main] INFO  testCases.TC001_VerifyAccountRegistrationPage - *** Validating expected message***
13:09:52:684 [main] ERROR testCases.TC001_VerifyAccountRegistrationPage - Test Failed
13:09:52:685 [main] DEBUG testCases.TC001_VerifyAccountRegistrationPage - Debug Logs..
13:09:56:637 [main] INFO  testCases.TC002_LoginTest - ***TC002_LoginTest Started***
13:19:58:529 [main] INFO  testCases.TC001_VerifyAccountRegistrationPage - *** Starting TC001_VerifyAccountRegistrationPage Test***
13:19:58:684 [main] INFO  testCases.TC001_VerifyAccountRegistrationPage - *** Clicked on MyAccount Link***
13:19:59:179 [main] INFO  testCases.TC001_VerifyAccountRegistrationPage - *** Clicked on Register Link***
13:19:59:183 [main] INFO  testCases.TC001_VerifyAccountRegistrationPage - *** Providing Customer details***
13:20:01:068 [main] INFO  testCases.TC001_VerifyAccountRegistrationPage - *** Validating expected message***
