13:03:01:358 [TestNG-tests-1] INFO  testCases.TC001_VerifyAccountRegistrationPage - *** Starting TC001_VerifyAccountRegistrationPage Test***
13:03:01:479 [TestNG-tests-3] INFO  testCases.TC001_VerifyAccountRegistrationPage - *** Clicked on MyAccount Link***
13:03:01:541 [TestNG-tests-1] INFO  testCases.TC001_VerifyAccountRegistrationPage - *** Clicked on MyAccount Link***
13:03:02:125 [TestNG-tests-3] INFO  testCases.TC001_VerifyAccountRegistrationPage - *** Clicked on Register Link***
13:03:02:128 [TestNG-tests-1] INFO  testCases.TC001_VerifyAccountRegistrationPage - *** Clicked on Register Link***
13:03:02:128 [TestNG-tests-3] INFO  testCases.TC001_VerifyAccountRegistrationPage - *** Providing Customer details***
13:03:02:130 [TestNG-tests-1] INFO  testCases.TC001_VerifyAccountRegistrationPage - *** Providing Customer details***
13:03:03:897 [TestNG-tests-1] INFO  testCases.TC001_VerifyAccountRegistrationPage - *** Validating expected message***
13:03:03:960 [TestNG-tests-1] INFO  testCases.TC001_VerifyAccountRegistrationPage - ****Finished the TC001_VerifyAccountRegistrationPage..****
13:03:03:980 [TestNG-tests-3] INFO  testCases.TC001_VerifyAccountRegistrationPage - *** Validating expected message***
13:03:04:030 [TestNG-tests-3] INFO  testCases.TC001_VerifyAccountRegistrationPage - ****Finished the TC001_VerifyAccountRegistrationPage..****
13:03:06:553 [TestNG-tests-2] INFO  testCases.TC001_VerifyAccountRegistrationPage - *** Starting TC001_VerifyAccountRegistrationPage Test***
13:03:07:013 [TestNG-tests-2] INFO  testCases.TC001_VerifyAccountRegistrationPage - *** Clicked on MyAccount Link***
13:03:07:654 [TestNG-tests-2] INFO  testCases.TC001_VerifyAccountRegistrationPage - *** Clicked on Register Link***
13:03:07:655 [TestNG-tests-2] INFO  testCases.TC001_VerifyAccountRegistrationPage - *** Providing Customer details***
13:03:09:666 [TestNG-tests-2] INFO  testCases.TC001_VerifyAccountRegistrationPage - *** Validating expected message***
13:03:10:614 [TestNG-tests-2] INFO  testCases.TC001_VerifyAccountRegistrationPage - ****Finished the TC001_VerifyAccountRegistrationPage..****
13:04:58:312 [main] INFO  testCases.TC001_VerifyAccountRegistrationPage - *** Starting TC001_VerifyAccountRegistrationPage Test***
13:04:58:743 [main] INFO  testCases.TC001_VerifyAccountRegistrationPage - *** Clicked on MyAccount Link***
13:04:59:261 [main] INFO  testCases.TC001_VerifyAccountRegistrationPage - *** Clicked on Register Link***
13:04:59:265 [main] INFO  testCases.TC001_VerifyAccountRegistrationPage - *** Providing Customer details***
13:05:02:407 [main] INFO  testCases.TC001_VerifyAccountRegistrationPage - *** Validating expected message***
13:05:02:469 [main] INFO  testCases.TC001_VerifyAccountRegistrationPage - ****Finished the TC001_VerifyAccountRegistrationPage..****
13:15:26:071 [main] INFO  testCases.TC001_VerifyAccountRegistrationPage - *** Starting TC001_VerifyAccountRegistrationPage Test***
13:15:26:184 [main] INFO  testCases.TC001_VerifyAccountRegistrationPage - *** Clicked on MyAccount Link***
13:15:26:909 [main] INFO  testCases.TC001_VerifyAccountRegistrationPage - *** Clicked on Register Link***
13:15:26:912 [main] INFO  testCases.TC001_VerifyAccountRegistrationPage - *** Providing Customer details***
13:15:29:033 [main] INFO  testCases.TC001_VerifyAccountRegistrationPage - *** Validating expected message***
13:15:29:082 [main] INFO  testCases.TC001_VerifyAccountRegistrationPage - ****Finished the TC001_VerifyAccountRegistrationPage..****
13:55:54:633 [main] INFO  testCases.TC001_VerifyAccountRegistrationPage - *** Starting TC001_VerifyAccountRegistrationPage Test***
13:55:55:004 [main] INFO  testCases.TC001_VerifyAccountRegistrationPage - *** Clicked on MyAccount Link***
13:55:55:640 [main] INFO  testCases.TC001_VerifyAccountRegistrationPage - *** Clicked on Register Link***
13:55:55:645 [main] INFO  testCases.TC001_VerifyAccountRegistrationPage - *** Providing Customer details***
13:55:57:869 [main] INFO  testCases.TC001_VerifyAccountRegistrationPage - *** Validating expected message***
13:55:57:943 [main] INFO  testCases.TC001_VerifyAccountRegistrationPage - ****Finished the TC001_VerifyAccountRegistrationPage..****
13:57:20:078 [main] INFO  testCases.TC001_VerifyAccountRegistrationPage - *** Starting TC001_VerifyAccountRegistrationPage Test***
13:57:20:469 [main] INFO  testCases.TC001_VerifyAccountRegistrationPage - *** Clicked on MyAccount Link***
13:57:21:007 [main] INFO  testCases.TC001_VerifyAccountRegistrationPage - *** Clicked on Register Link***
13:57:21:009 [main] INFO  testCases.TC001_VerifyAccountRegistrationPage - *** Providing Customer details***
13:57:23:491 [main] INFO  testCases.TC001_VerifyAccountRegistrationPage - *** Validating expected message***
13:57:23:558 [main] INFO  testCases.TC001_VerifyAccountRegistrationPage - ****Finished the TC001_VerifyAccountRegistrationPage..****
13:58:32:833 [main] INFO  testCases.TC001_VerifyAccountRegistrationPage - *** Starting TC001_VerifyAccountRegistrationPage Test***
